app/build/intermediates/manifest_merge_blame_file/debug/manifest-merger-blame-debug-report.txt
1<?xml version="1.0" encoding="utf-8"?>
2<manifest xmlns:android="http://schemas.android.com/apk/res/android"
3    package="com.parkiezmobility.parkiez"
4    android:versionCode="6"
5    android:versionName="3.2.1" >
6
7    <uses-sdk
8        android:minSdkVersion="19"
8-->src\main\AndroidManifest.xml
9        android:targetSdkVersion="30" />
9-->src\main\AndroidManifest.xml
10
11    <uses-feature
11-->src\main\AndroidManifest.xml:108:5-110:35
12        android:name="android.hardware.location"
12-->src\main\AndroidManifest.xml:109:9-49
13        android:required="true" />
13-->src\main\AndroidManifest.xml:110:9-32
14    <uses-feature
14-->src\main\AndroidManifest.xml:111:5-113:36
15        android:name="android.hardware.location.gps"
15-->src\main\AndroidManifest.xml:112:9-53
16        android:required="false" />
16-->src\main\AndroidManifest.xml:113:9-33
17
18    <uses-permission android:name="android.permission.ACCESS_FINE_LOCATION" />
18-->src\main\AndroidManifest.xml:115:5-79
18-->src\main\AndroidManifest.xml:115:22-76
19    <uses-permission android:name="android.permission.ACCESS_COARSE_LOCATION" />
19-->src\main\AndroidManifest.xml:116:5-81
19-->src\main\AndroidManifest.xml:116:22-78
20    <uses-permission android:name="android.permission.INTERNET" />
20-->src\main\AndroidManifest.xml:117:5-67
20-->src\main\AndroidManifest.xml:117:22-64
21    <uses-permission android:name="android.permission.ACCESS_WIFI_STATE" />
21-->src\main\AndroidManifest.xml:118:5-76
21-->src\main\AndroidManifest.xml:118:22-73
22    <uses-permission android:name="android.permission.ACCESS_NETWORK_STATE" />
22-->src\main\AndroidManifest.xml:120:5-79
22-->src\main\AndroidManifest.xml:120:22-76
23    <uses-permission android:name="android.permission.VIBRATE" />
23-->src\main\AndroidManifest.xml:121:5-66
23-->src\main\AndroidManifest.xml:121:22-63
24    <uses-permission android:name="android.permission.CALL_PHONE" />
24-->src\main\AndroidManifest.xml:123:5-69
24-->src\main\AndroidManifest.xml:123:22-66
25
26    <uses-feature
26-->[com.google.android.gms:play-services-maps:17.0.0] AndroidManifest.xml:26:5-28:35
27        android:glEsVersion="0x00020000"
27-->[com.google.android.gms:play-services-maps:17.0.0] AndroidManifest.xml:27:9-41
28        android:required="true" />
28-->[com.google.android.gms:play-services-maps:17.0.0] AndroidManifest.xml:28:9-32
29
30    <application
30-->src\main\AndroidManifest.xml:6:5-107:19
31        android:name="androidx.multidex.MultiDexApplication"
31-->src\main\AndroidManifest.xml:12:9-61
32        android:allowBackup="true"
32-->src\main\AndroidManifest.xml:13:9-35
33        android:appComponentFactory="androidx.core.app.CoreComponentFactory"
33-->[androidx.core:core:1.5.0] AndroidManifest.xml:24:18-86
34        android:configChanges="orientation|keyboardHidden|screenSize"
34-->src\main\AndroidManifest.xml:14:9-70
35        android:debuggable="true"
35-->src\main\AndroidManifest.xml:11:9-34
36        android:icon="@mipmap/ic_icon"
36-->src\main\AndroidManifest.xml:15:9-39
37        android:label="@string/app_name"
37-->src\main\AndroidManifest.xml:16:9-41
38        android:networkSecurityConfig="@xml/network_security_config"
38-->src\main\AndroidManifest.xml:17:9-69
39        android:screenOrientation="portrait"
39-->src\main\AndroidManifest.xml:18:9-45
40        android:supportsRtl="true"
40-->src\main\AndroidManifest.xml:19:9-35
41        android:theme="@style/AppTheme" >
41-->src\main\AndroidManifest.xml:20:9-40
42        <activity android:name="com.parkiezmobility.parkiez.Activities.BaseActivity" />
42-->src\main\AndroidManifest.xml:22:9-70
42-->src\main\AndroidManifest.xml:22:19-58
43        <activity
43-->src\main\AndroidManifest.xml:23:9-35:20
44            android:name="com.parkiezmobility.parkiez.MainActivity"
44-->src\main\AndroidManifest.xml:24:13-41
45            android:screenOrientation="portrait"
45-->src\main\AndroidManifest.xml:25:13-49
46            android:theme="@style/AppTheme.NoActionBar"
46-->src\main\AndroidManifest.xml:26:13-56
47            android:windowSoftInputMode="stateHidden" >
47-->src\main\AndroidManifest.xml:27:13-54
48
49            <!-- <intent-filter> -->
50            <!-- <action android:name="android.intent.action.MAIN" /> -->
51
52
53            <!-- <category android:name="android.intent.category.LAUNCHER" /> -->
54            <!-- </intent-filter> -->
55        </activity>
56        <!--
57             The API key for Google Maps-based APIs is defined as a string resource.
58             (See the file "res/values/google_maps_api.xml").
59             Note that the API key is linked to the encryption key used to sign the APK.
60             You need a different API key for each encryption key, including the release key that is used to
61             sign the APK for publishing.
62             You can define the keys for the debug and release targets in src/debug/ and src/release/.
63        -->
64        <activity
64-->src\main\AndroidManifest.xml:44:9-50:76
65            android:name="com.parkiezmobility.parkiez.Activities.Login"
65-->src\main\AndroidManifest.xml:45:13-45
66            android:label="@string/title_activity_login"
66-->src\main\AndroidManifest.xml:46:13-57
67            android:noHistory="true"
67-->src\main\AndroidManifest.xml:47:13-37
68            android:screenOrientation="portrait"
68-->src\main\AndroidManifest.xml:48:13-49
69            android:theme="@style/AppTheme.NoActionBar"
69-->src\main\AndroidManifest.xml:49:13-56
70            android:windowSoftInputMode="adjustResize|stateAlwaysHidden" />
70-->src\main\AndroidManifest.xml:50:13-73
71        <activity
71-->src\main\AndroidManifest.xml:52:9-58:57
72            android:name="com.parkiezmobility.parkiez.Activities.Registration"
72-->src\main\AndroidManifest.xml:53:13-52
73            android:label="@string/title_activity_registration"
73-->src\main\AndroidManifest.xml:54:13-64
74            android:noHistory="true"
74-->src\main\AndroidManifest.xml:55:13-37
75            android:screenOrientation="portrait"
75-->src\main\AndroidManifest.xml:56:13-49
76            android:theme="@style/AppTheme.NoActionBar"
76-->src\main\AndroidManifest.xml:57:13-56
77            android:windowSoftInputMode="stateHidden" />
77-->src\main\AndroidManifest.xml:58:13-54
78        <activity
78-->src\main\AndroidManifest.xml:59:9-65:57
79            android:name="com.parkiezmobility.parkiez.Activities.PaymentSelection"
79-->src\main\AndroidManifest.xml:60:13-56
80            android:label="@string/title_activity_payment_selection"
80-->src\main\AndroidManifest.xml:61:13-69
81            android:noHistory="true"
81-->src\main\AndroidManifest.xml:62:13-37
82            android:screenOrientation="portrait"
82-->src\main\AndroidManifest.xml:63:13-49
83            android:theme="@style/AppTheme.NoActionBar"
83-->src\main\AndroidManifest.xml:64:13-56
84            android:windowSoftInputMode="stateHidden" />
84-->src\main\AndroidManifest.xml:65:13-54
85        <activity
85-->src\main\AndroidManifest.xml:66:9-72:57
86            android:name="com.parkiezmobility.parkiez.Activities.CCAvenueGateway"
86-->src\main\AndroidManifest.xml:67:13-55
87            android:label="@string/title_activity_ccavenue_gateway"
87-->src\main\AndroidManifest.xml:68:13-68
88            android:noHistory="true"
88-->src\main\AndroidManifest.xml:69:13-37
89            android:screenOrientation="portrait"
89-->src\main\AndroidManifest.xml:70:13-49
90            android:theme="@style/AppTheme.NoActionBar"
90-->src\main\AndroidManifest.xml:71:13-56
91            android:windowSoftInputMode="stateHidden" />
91-->src\main\AndroidManifest.xml:72:13-54
92        <activity
92-->src\main\AndroidManifest.xml:73:9-79:57
93            android:name="com.parkiezmobility.parkiez.Activities.PaymentComplete"
93-->src\main\AndroidManifest.xml:74:13-55
94            android:label="@string/title_activity_payment_complete"
94-->src\main\AndroidManifest.xml:75:13-68
95            android:noHistory="true"
95-->src\main\AndroidManifest.xml:76:13-37
96            android:screenOrientation="portrait"
96-->src\main\AndroidManifest.xml:77:13-49
97            android:theme="@style/AppTheme.NoActionBar"
97-->src\main\AndroidManifest.xml:78:13-56
98            android:windowSoftInputMode="stateHidden" />
98-->src\main\AndroidManifest.xml:79:13-54
99        <activity
99-->src\main\AndroidManifest.xml:80:9-89:20
100            android:name="com.parkiezmobility.parkiez.Activities.SplashActivity"
100-->src\main\AndroidManifest.xml:81:13-54
101            android:screenOrientation="portrait"
101-->src\main\AndroidManifest.xml:82:13-49
102            android:theme="@style/AppTheme.NoActionBar" >
102-->src\main\AndroidManifest.xml:83:13-56
103            <intent-filter>
103-->src\main\AndroidManifest.xml:84:13-88:29
104                <action android:name="android.intent.action.MAIN" />
104-->src\main\AndroidManifest.xml:85:17-69
104-->src\main\AndroidManifest.xml:85:25-66
105
106                <category android:name="android.intent.category.LAUNCHER" />
106-->src\main\AndroidManifest.xml:87:17-77
106-->src\main\AndroidManifest.xml:87:27-74
107            </intent-filter>
108        </activity>
109        <activity
109-->src\main\AndroidManifest.xml:91:9-95:57
110            android:name="com.parkiezmobility.parkiez.Activities.OTPVerification"
110-->src\main\AndroidManifest.xml:92:13-55
111            android:screenOrientation="portrait"
111-->src\main\AndroidManifest.xml:93:13-49
112            android:theme="@style/AppTheme.NoActionBar"
112-->src\main\AndroidManifest.xml:94:13-56
113            android:windowSoftInputMode="stateHidden" />
113-->src\main\AndroidManifest.xml:95:13-54
114
115        <meta-data
115-->src\main\AndroidManifest.xml:97:9-99:55
116            android:name="com.google.android.geo.API_KEY"
116-->src\main\AndroidManifest.xml:98:13-58
117            android:value="@string/google_maps_key" />
117-->src\main\AndroidManifest.xml:99:13-52
118        <meta-data
118-->src\main\AndroidManifest.xml:100:9-102:69
119            android:name="com.google.android.gms.version"
119-->src\main\AndroidManifest.xml:101:13-58
120            android:value="@integer/google_play_services_version" />
120-->src\main\AndroidManifest.xml:102:13-66
121
122        <uses-library
122-->src\main\AndroidManifest.xml:104:9-106:40
123            android:name="org.apache.http.legacy"
123-->src\main\AndroidManifest.xml:105:13-50
124            android:required="false" />
124-->src\main\AndroidManifest.xml:106:13-37
125
126        <activity
126-->[com.google.android.libraries.places:places:2.5.0] AndroidManifest.xml:14:9-20:20
127            android:name="com.google.android.libraries.places.widget.AutocompleteActivity"
127-->[com.google.android.libraries.places:places:2.5.0] AndroidManifest.xml:15:13-91
128            android:exported="false"
128-->[com.google.android.libraries.places:places:2.5.0] AndroidManifest.xml:16:13-37
129            android:label="@string/places_autocomplete_label"
129-->[com.google.android.libraries.places:places:2.5.0] AndroidManifest.xml:17:13-62
130            android:theme="@style/PlacesAutocompleteOverlay"
130-->[com.google.android.libraries.places:places:2.5.0] AndroidManifest.xml:18:13-61
131            android:windowSoftInputMode="adjustResize" >
131-->[com.google.android.libraries.places:places:2.5.0] AndroidManifest.xml:19:13-55
132        </activity>
133
134        <receiver android:name="com.razorpay.RzpTokenReceiver" >
134-->[com.razorpay:checkout:1.6.8] AndroidManifest.xml:12:9-16:20
134-->[com.razorpay:checkout:1.6.8] AndroidManifest.xml:12:19-63
135            <intent-filter>
135-->[com.razorpay:checkout:1.6.8] AndroidManifest.xml:13:13-15:29
136                <action android:name="rzp.device_token.share" />
136-->[com.razorpay:checkout:1.6.8] AndroidManifest.xml:14:17-65
136-->[com.razorpay:checkout:1.6.8] AndroidManifest.xml:14:25-62
137            </intent-filter>
138        </receiver>
139
140        <activity
140-->[com.razorpay:checkout:1.6.8] AndroidManifest.xml:18:9-29:20
141            android:name="com.razorpay.CheckoutActivity"
141-->[com.razorpay:checkout:1.6.8] AndroidManifest.xml:19:13-57
142            android:configChanges="keyboard|keyboardHidden|orientation|screenSize"
142-->[com.razorpay:checkout:1.6.8] AndroidManifest.xml:20:13-83
143            android:theme="@style/CheckoutTheme" >
143-->[com.razorpay:checkout:1.6.8] AndroidManifest.xml:21:13-49
144            <intent-filter>
144-->[com.razorpay:checkout:1.6.8] AndroidManifest.xml:22:13-28:29
145                <action android:name="android.intent.action.MAIN" />
145-->src\main\AndroidManifest.xml:85:17-69
145-->src\main\AndroidManifest.xml:85:25-66
146
147                <data
147-->[com.razorpay:checkout:1.6.8] AndroidManifest.xml:25:17-27:47
148                    android:host="rzp.io"
148-->[com.razorpay:checkout:1.6.8] AndroidManifest.xml:26:21-42
149                    android:scheme="io.rzp" />
149-->[com.razorpay:checkout:1.6.8] AndroidManifest.xml:27:21-44
150            </intent-filter>
151        </activity>
152        <activity
152-->[com.google.android.gms:play-services-auth:17.0.0] AndroidManifest.xml:23:9-27:75
153            android:name="com.google.android.gms.auth.api.signin.internal.SignInHubActivity"
153-->[com.google.android.gms:play-services-auth:17.0.0] AndroidManifest.xml:24:13-93
154            android:excludeFromRecents="true"
154-->[com.google.android.gms:play-services-auth:17.0.0] AndroidManifest.xml:25:13-46
155            android:exported="false"
155-->[com.google.android.gms:play-services-auth:17.0.0] AndroidManifest.xml:26:13-37
156            android:theme="@android:style/Theme.Translucent.NoTitleBar" />
156-->[com.google.android.gms:play-services-auth:17.0.0] AndroidManifest.xml:27:13-72
157        <!--
158            Service handling Google Sign-In user revocation. For apps that do not integrate with
159            Google Sign-In, this service will never be started.
160        -->
161        <service
161-->[com.google.android.gms:play-services-auth:17.0.0] AndroidManifest.xml:33:9-36:110
162            android:name="com.google.android.gms.auth.api.signin.RevocationBoundService"
162-->[com.google.android.gms:play-services-auth:17.0.0] AndroidManifest.xml:34:13-89
163            android:exported="true"
163-->[com.google.android.gms:play-services-auth:17.0.0] AndroidManifest.xml:35:13-36
164            android:permission="com.google.android.gms.auth.api.signin.permission.REVOCATION_NOTIFICATION" />
164-->[com.google.android.gms:play-services-auth:17.0.0] AndroidManifest.xml:36:13-107
165
166        <activity
166-->[com.google.android.gms:play-services-base:17.2.1] AndroidManifest.xml:23:9-26:75
167            android:name="com.google.android.gms.common.api.GoogleApiActivity"
167-->[com.google.android.gms:play-services-base:17.2.1] AndroidManifest.xml:24:13-79
168            android:exported="false"
168-->[com.google.android.gms:play-services-base:17.2.1] AndroidManifest.xml:25:13-37
169            android:theme="@android:style/Theme.Translucent.NoTitleBar" />
169-->[com.google.android.gms:play-services-base:17.2.1] AndroidManifest.xml:26:13-72
170
171        <service
171-->[com.google.android.datatransport:transport-backend-cct:2.3.0] AndroidManifest.xml:29:9-35:19
172            android:name="com.google.android.datatransport.runtime.backends.TransportBackendDiscovery"
172-->[com.google.android.datatransport:transport-backend-cct:2.3.0] AndroidManifest.xml:30:13-103
173            android:exported="false" >
173-->[com.google.android.datatransport:transport-backend-cct:2.3.0] AndroidManifest.xml:31:13-37
174            <meta-data
174-->[com.google.android.datatransport:transport-backend-cct:2.3.0] AndroidManifest.xml:32:13-34:39
175                android:name="backend:com.google.android.datatransport.cct.CctBackendFactory"
175-->[com.google.android.datatransport:transport-backend-cct:2.3.0] AndroidManifest.xml:33:17-94
176                android:value="cct" />
176-->[com.google.android.datatransport:transport-backend-cct:2.3.0] AndroidManifest.xml:34:17-36
177        </service>
178        <service
178-->[com.google.android.datatransport:transport-runtime:2.2.3] AndroidManifest.xml:26:9-30:19
179            android:name="com.google.android.datatransport.runtime.scheduling.jobscheduling.JobInfoSchedulerService"
179-->[com.google.android.datatransport:transport-runtime:2.2.3] AndroidManifest.xml:27:13-117
180            android:exported="false"
180-->[com.google.android.datatransport:transport-runtime:2.2.3] AndroidManifest.xml:28:13-37
181            android:permission="android.permission.BIND_JOB_SERVICE" >
181-->[com.google.android.datatransport:transport-runtime:2.2.3] AndroidManifest.xml:29:13-69
182        </service>
183
184        <receiver
184-->[com.google.android.datatransport:transport-runtime:2.2.3] AndroidManifest.xml:32:9-34:40
185            android:name="com.google.android.datatransport.runtime.scheduling.jobscheduling.AlarmManagerSchedulerBroadcastReceiver"
185-->[com.google.android.datatransport:transport-runtime:2.2.3] AndroidManifest.xml:33:13-132
186            android:exported="false" />
186-->[com.google.android.datatransport:transport-runtime:2.2.3] AndroidManifest.xml:34:13-37
187    </application>
188
189</manifest>